d:\caffeprogram\6ft\objectdetectgpu6-2\objectdetectgpu4-2\x64\release\vc120.pdb
d:\caffeprogram\6ft\objectdetectgpu6-2\objectdetectgpu4-2\x64\release\data_layer.obj
d:\caffeprogram\6ft\objectdetectgpu6-2\objectdetectgpu4-2\x64\release\cudnn_tanh_layer.obj
d:\caffeprogram\6ft\objectdetectgpu6-2\objectdetectgpu4-2\x64\release\cudnn_softmax_layer.obj
d:\caffeprogram\6ft\objectdetectgpu6-2\objectdetectgpu4-2\x64\release\cudnn_sigmoid_layer.obj
d:\caffeprogram\6ft\objectdetectgpu6-2\objectdetectgpu4-2\x64\release\cudnn_relu_layer.obj
d:\caffeprogram\6ft\objectdetectgpu6-2\objectdetectgpu4-2\x64\release\cudnn_pooling_layer.obj
d:\caffeprogram\6ft\objectdetectgpu6-2\objectdetectgpu4-2\x64\release\cudnn_conv_layer.obj
d:\caffeprogram\6ft\objectdetectgpu6-2\objectdetectgpu4-2\x64\release\conv_layer.obj
d:\caffeprogram\6ft\objectdetectgpu6-2\objectdetectgpu4-2\x64\release\contrastive_loss_layer.obj
d:\caffeprogram\6ft\objectdetectgpu6-2\objectdetectgpu4-2\x64\release\concat_layer.obj
d:\caffeprogram\6ft\objectdetectgpu6-2\objectdetectgpu4-2\x64\release\bnll_layer.obj
d:\caffeprogram\6ft\objectdetectgpu6-2\objectdetectgpu4-2\x64\release\base_data_layer.obj
d:\caffeprogram\6ft\objectdetectgpu6-2\objectdetectgpu4-2\x64\release\base_conv_layer.obj
d:\caffeprogram\6ft\objectdetectgpu6-2\objectdetectgpu4-2\x64\release\argmax_layer.obj
d:\caffeprogram\6ft\objectdetectgpu6-2\objectdetectgpu4-2\x64\release\accuracy_layer.obj
d:\caffeprogram\6ft\objectdetectgpu6-2\objectdetectgpu4-2\x64\release\absval_layer.obj
d:\caffeprogram\6ft\objectdetectgpu6-2\objectdetectgpu4-2\x64\release\internal_thread.obj
d:\caffeprogram\6ft\objectdetectgpu6-2\objectdetectgpu4-2\x64\release\data_transformer.obj
d:\caffeprogram\6ft\objectdetectgpu6-2\objectdetectgpu4-2\x64\release\caffe_common.obj
d:\caffeprogram\6ft\objectdetectgpu6-2\objectdetectgpu4-2\x64\release\blob.obj
d:\caffeprogram\6ft\objectdetectgpu6-2\objectdetectgpu4-2\x64\release\multinomial_logistic_loss_layer.obj
d:\caffeprogram\6ft\objectdetectgpu6-2\objectdetectgpu4-2\x64\release\memory_data_layer.obj
d:\caffeprogram\6ft\objectdetectgpu6-2\objectdetectgpu4-2\x64\release\lrn_layer.obj
d:\caffeprogram\6ft\objectdetectgpu6-2\objectdetectgpu4-2\x64\release\loss_layer.obj
d:\caffeprogram\6ft\objectdetectgpu6-2\objectdetectgpu4-2\x64\release\log_layer.obj
d:\caffeprogram\6ft\objectdetectgpu6-2\objectdetectgpu4-2\x64\release\inner_product_layer.obj
d:\caffeprogram\6ft\objectdetectgpu6-2\objectdetectgpu4-2\x64\release\infogain_loss_layer.obj
d:\caffeprogram\6ft\objectdetectgpu6-2\objectdetectgpu4-2\x64\release\image_data_layer.obj
d:\caffeprogram\6ft\objectdetectgpu6-2\objectdetectgpu4-2\x64\release\im2col_layer.obj
d:\caffeprogram\6ft\objectdetectgpu6-2\objectdetectgpu4-2\x64\release\hinge_loss_layer.obj
d:\caffeprogram\6ft\objectdetectgpu6-2\objectdetectgpu4-2\x64\release\hdf5_output_layer.obj
d:\caffeprogram\6ft\objectdetectgpu6-2\objectdetectgpu4-2\x64\release\hdf5_data_layer.obj
d:\caffeprogram\6ft\objectdetectgpu6-2\objectdetectgpu4-2\x64\release\flatten_layer.obj
d:\caffeprogram\6ft\objectdetectgpu6-2\objectdetectgpu4-2\x64\release\filter_layer.obj
d:\caffeprogram\6ft\objectdetectgpu6-2\objectdetectgpu4-2\x64\release\exp_layer.obj
d:\caffeprogram\6ft\objectdetectgpu6-2\objectdetectgpu4-2\x64\release\euclidean_loss_layer.obj
d:\caffeprogram\6ft\objectdetectgpu6-2\objectdetectgpu4-2\x64\release\eltwise_layer.obj
d:\caffeprogram\6ft\objectdetectgpu6-2\objectdetectgpu4-2\x64\release\dummy_data_layer.obj
d:\caffeprogram\6ft\objectdetectgpu6-2\objectdetectgpu4-2\x64\release\dropout_layer.obj
d:\caffeprogram\6ft\objectdetectgpu6-2\objectdetectgpu4-2\x64\release\deconv_layer.obj
d:\caffeprogram\6ft\objectdetectgpu6-2\objectdetectgpu4-2\x64\release\threshold_layer.obj
d:\caffeprogram\6ft\objectdetectgpu6-2\objectdetectgpu4-2\x64\release\tanh_layer.obj
d:\caffeprogram\6ft\objectdetectgpu6-2\objectdetectgpu4-2\x64\release\spp_layer.obj
d:\caffeprogram\6ft\objectdetectgpu6-2\objectdetectgpu4-2\x64\release\split_layer.obj
d:\caffeprogram\6ft\objectdetectgpu6-2\objectdetectgpu4-2\x64\release\softmax_loss_layer.obj
d:\caffeprogram\6ft\objectdetectgpu6-2\objectdetectgpu4-2\x64\release\softmax_layer.obj
d:\caffeprogram\6ft\objectdetectgpu6-2\objectdetectgpu4-2\x64\release\smooth_l1_loss_layer.obj
d:\caffeprogram\6ft\objectdetectgpu6-2\objectdetectgpu4-2\x64\release\slice_layer.obj
d:\caffeprogram\6ft\objectdetectgpu6-2\objectdetectgpu4-2\x64\release\silence_layer.obj
d:\caffeprogram\6ft\objectdetectgpu6-2\objectdetectgpu4-2\x64\release\sigmoid_layer.obj
d:\caffeprogram\6ft\objectdetectgpu6-2\objectdetectgpu4-2\x64\release\sigmoid_cross_entropy_loss_layer.obj
d:\caffeprogram\6ft\objectdetectgpu6-2\objectdetectgpu4-2\x64\release\roi_pooling_layer.obj
d:\caffeprogram\6ft\objectdetectgpu6-2\objectdetectgpu4-2\x64\release\reshape_layer.obj
d:\caffeprogram\6ft\objectdetectgpu6-2\objectdetectgpu4-2\x64\release\relu_layer.obj
d:\caffeprogram\6ft\objectdetectgpu6-2\objectdetectgpu4-2\x64\release\reduction_layer.obj
d:\caffeprogram\6ft\objectdetectgpu6-2\objectdetectgpu4-2\x64\release\prelu_layer.obj
d:\caffeprogram\6ft\objectdetectgpu6-2\objectdetectgpu4-2\x64\release\power_layer.obj
d:\caffeprogram\6ft\objectdetectgpu6-2\objectdetectgpu4-2\x64\release\pooling_layer.obj
d:\caffeprogram\6ft\objectdetectgpu6-2\objectdetectgpu4-2\x64\release\neuron_layer.obj
d:\caffeprogram\6ft\objectdetectgpu6-2\objectdetectgpu4-2\x64\release\mvn_layer.obj
d:\caffeprogram\6ft\objectdetectgpu6-2\objectdetectgpu4-2\x64\release\cpp_enum.obj
d:\caffeprogram\6ft\objectdetectgpu6-2\objectdetectgpu4-2\x64\release\command_line_interface.obj
d:\caffeprogram\6ft\objectdetectgpu6-2\objectdetectgpu4-2\x64\release\code_generator.obj
d:\caffeprogram\6ft\objectdetectgpu6-2\objectdetectgpu4-2\x64\release\getui.obj
d:\caffeprogram\6ft\objectdetectgpu6-2\objectdetectgpu4-2\x64\release\upgrade_proto.obj
d:\caffeprogram\6ft\objectdetectgpu6-2\objectdetectgpu4-2\x64\release\math_functions.obj
d:\caffeprogram\6ft\objectdetectgpu6-2\objectdetectgpu4-2\x64\release\io.obj
d:\caffeprogram\6ft\objectdetectgpu6-2\objectdetectgpu4-2\x64\release\insert_splits.obj
d:\caffeprogram\6ft\objectdetectgpu6-2\objectdetectgpu4-2\x64\release\im2col.obj
d:\caffeprogram\6ft\objectdetectgpu6-2\objectdetectgpu4-2\x64\release\db_lmdb.obj
d:\caffeprogram\6ft\objectdetectgpu6-2\objectdetectgpu4-2\x64\release\db_leveldb.obj
d:\caffeprogram\6ft\objectdetectgpu6-2\objectdetectgpu4-2\x64\release\db.obj
d:\caffeprogram\6ft\objectdetectgpu6-2\objectdetectgpu4-2\x64\release\cudnn.obj
d:\caffeprogram\6ft\objectdetectgpu6-2\objectdetectgpu4-2\x64\release\benchmark.obj
d:\caffeprogram\6ft\objectdetectgpu6-2\objectdetectgpu4-2\x64\release\syncedmem.obj
d:\caffeprogram\6ft\objectdetectgpu6-2\objectdetectgpu4-2\x64\release\solver.obj
d:\caffeprogram\6ft\objectdetectgpu6-2\objectdetectgpu4-2\x64\release\caffe.pb.obj
d:\caffeprogram\6ft\objectdetectgpu6-2\objectdetectgpu4-2\x64\release\net.obj
d:\caffeprogram\6ft\objectdetectgpu6-2\objectdetectgpu4-2\x64\release\layer_factory.obj
d:\caffeprogram\6ft\objectdetectgpu6-2\objectdetectgpu4-2\x64\release\window_data_layer.obj
d:\caffeprogram\6ft\objectdetectgpu6-2\objectdetectgpu4-2\x64\release\descriptor_database.obj
d:\caffeprogram\6ft\objectdetectgpu6-2\objectdetectgpu4-2\x64\release\descriptor.pb.obj
d:\caffeprogram\6ft\objectdetectgpu6-2\objectdetectgpu4-2\x64\release\descriptor.obj
d:\caffeprogram\6ft\objectdetectgpu6-2\objectdetectgpu4-2\x64\release\zip_writer.obj
d:\caffeprogram\6ft\objectdetectgpu6-2\objectdetectgpu4-2\x64\release\subprocess.obj
d:\caffeprogram\6ft\objectdetectgpu6-2\objectdetectgpu4-2\x64\release\plugin.pb.obj
d:\caffeprogram\6ft\objectdetectgpu6-2\objectdetectgpu4-2\x64\release\plugin.obj
d:\caffeprogram\6ft\objectdetectgpu6-2\objectdetectgpu4-2\x64\release\parser.obj
d:\caffeprogram\6ft\objectdetectgpu6-2\objectdetectgpu4-2\x64\release\importer.obj
d:\caffeprogram\6ft\objectdetectgpu6-2\objectdetectgpu4-2\x64\release\cpp_string_field.obj
d:\caffeprogram\6ft\objectdetectgpu6-2\objectdetectgpu4-2\x64\release\cpp_service.obj
d:\caffeprogram\6ft\objectdetectgpu6-2\objectdetectgpu4-2\x64\release\cpp_primitive_field.obj
d:\caffeprogram\6ft\objectdetectgpu6-2\objectdetectgpu4-2\x64\release\cpp_message_field.obj
d:\caffeprogram\6ft\objectdetectgpu6-2\objectdetectgpu4-2\x64\release\cpp_message.obj
d:\caffeprogram\6ft\objectdetectgpu6-2\objectdetectgpu4-2\x64\release\cpp_helpers.obj
d:\caffeprogram\6ft\objectdetectgpu6-2\objectdetectgpu4-2\x64\release\cpp_generator.obj
d:\caffeprogram\6ft\objectdetectgpu6-2\objectdetectgpu4-2\x64\release\cpp_file.obj
d:\caffeprogram\6ft\objectdetectgpu6-2\objectdetectgpu4-2\x64\release\cpp_field.obj
d:\caffeprogram\6ft\objectdetectgpu6-2\objectdetectgpu4-2\x64\release\cpp_extension.obj
d:\caffeprogram\6ft\objectdetectgpu6-2\objectdetectgpu4-2\x64\release\cpp_enum_field.obj
d:\caffeprogram\6ft\objectdetectgpu6-2\objectdetectgpu4-2\x64\release\atomicops_internals_x86_msvc.obj
d:\caffeprogram\6ft\objectdetectgpu6-2\objectdetectgpu4-2\x64\release\atomicops_internals_x86_gcc.obj
d:\caffeprogram\6ft\objectdetectgpu6-2\objectdetectgpu4-2\x64\release\service.obj
d:\caffeprogram\6ft\objectdetectgpu6-2\objectdetectgpu4-2\x64\release\repeated_field.obj
d:\caffeprogram\6ft\objectdetectgpu6-2\objectdetectgpu4-2\x64\release\reflection_ops.obj
d:\caffeprogram\6ft\objectdetectgpu6-2\objectdetectgpu4-2\x64\release\message_lite.obj
d:\caffeprogram\6ft\objectdetectgpu6-2\objectdetectgpu4-2\x64\release\message.obj
d:\caffeprogram\6ft\objectdetectgpu6-2\objectdetectgpu4-2\x64\release\zero_copy_stream_impl_lite.obj
d:\caffeprogram\6ft\objectdetectgpu6-2\objectdetectgpu4-2\x64\release\zero_copy_stream_impl.obj
d:\caffeprogram\6ft\objectdetectgpu6-2\objectdetectgpu4-2\x64\release\zero_copy_stream.obj
d:\caffeprogram\6ft\objectdetectgpu6-2\objectdetectgpu4-2\x64\release\tokenizer.obj
d:\caffeprogram\6ft\objectdetectgpu6-2\objectdetectgpu4-2\x64\release\strtod.obj
d:\caffeprogram\6ft\objectdetectgpu6-2\objectdetectgpu4-2\x64\release\printer.obj
d:\caffeprogram\6ft\objectdetectgpu6-2\objectdetectgpu4-2\x64\release\gzip_stream.obj
d:\caffeprogram\6ft\objectdetectgpu6-2\objectdetectgpu4-2\x64\release\coded_stream.obj
d:\caffeprogram\6ft\objectdetectgpu6-2\objectdetectgpu4-2\x64\release\generated_message_util.obj
d:\caffeprogram\6ft\objectdetectgpu6-2\objectdetectgpu4-2\x64\release\generated_message_reflection.obj
d:\caffeprogram\6ft\objectdetectgpu6-2\objectdetectgpu4-2\x64\release\extension_set_heavy.obj
d:\caffeprogram\6ft\objectdetectgpu6-2\objectdetectgpu4-2\x64\release\extension_set.obj
d:\caffeprogram\6ft\objectdetectgpu6-2\objectdetectgpu4-2\x64\release\dynamic_message.obj
d:\caffeprogram\6ft\objectdetectgpu6-2\objectdetectgpu4-2\x64\release\tcpclient.obj
d:\caffeprogram\6ft\objectdetectgpu6-2\objectdetectgpu4-2\x64\release\objectdetect.obj
d:\caffeprogram\6ft\objectdetectgpu6-2\objectdetectgpu4-2\x64\release\objdettrack.obj
d:\caffeprogram\6ft\objectdetectgpu6-2\objectdetectgpu4-2\x64\release\wire_format_lite.obj
d:\caffeprogram\6ft\objectdetectgpu6-2\objectdetectgpu4-2\x64\release\wire_format.obj
d:\caffeprogram\6ft\objectdetectgpu6-2\objectdetectgpu4-2\x64\release\unknown_field_set.obj
d:\caffeprogram\6ft\objectdetectgpu6-2\objectdetectgpu4-2\x64\release\text_format.obj
d:\caffeprogram\6ft\objectdetectgpu6-2\objectdetectgpu4-2\x64\release\substitute.obj
d:\caffeprogram\6ft\objectdetectgpu6-2\objectdetectgpu4-2\x64\release\strutil.obj
d:\caffeprogram\6ft\objectdetectgpu6-2\objectdetectgpu4-2\x64\release\structurally_valid.obj
d:\caffeprogram\6ft\objectdetectgpu6-2\objectdetectgpu4-2\x64\release\stringprintf.obj
d:\caffeprogram\6ft\objectdetectgpu6-2\objectdetectgpu4-2\x64\release\once.obj
d:\caffeprogram\6ft\objectdetectgpu6-2\objectdetectgpu4-2\x64\release\common.obj
d:\caffeprogram\6ft\objectdetectgpu6-2\x64\release\objectdetectgpu4-2.exe
d:\caffeprogram\6ft\objectdetectgpu6-2\x64\release\objectdetectgpu4-2.pdb
d:\caffeprogram\6ft\objectdetectgpu6-2\objectdetectgpu4-2\x64\release\absval_layer.cu.cache
d:\caffeprogram\6ft\objectdetectgpu6-2\objectdetectgpu4-2\x64\release\base_data_layer.cu.cache
d:\caffeprogram\6ft\objectdetectgpu6-2\objectdetectgpu4-2\x64\release\bnll_layer.cu.cache
d:\caffeprogram\6ft\objectdetectgpu6-2\objectdetectgpu4-2\x64\release\concat_layer.cu.cache
d:\caffeprogram\6ft\objectdetectgpu6-2\objectdetectgpu4-2\x64\release\contrastive_loss_layer.cu.cache
d:\caffeprogram\6ft\objectdetectgpu6-2\objectdetectgpu4-2\x64\release\conv_layer.cu.cache
d:\caffeprogram\6ft\objectdetectgpu6-2\objectdetectgpu4-2\x64\release\cudnn_conv_layer.cu.cache
d:\caffeprogram\6ft\objectdetectgpu6-2\objectdetectgpu4-2\x64\release\cudnn_pooling_layer.cu.cache
d:\caffeprogram\6ft\objectdetectgpu6-2\objectdetectgpu4-2\x64\release\cudnn_relu_layer.cu.cache
d:\caffeprogram\6ft\objectdetectgpu6-2\objectdetectgpu4-2\x64\release\cudnn_sigmoid_layer.cu.cache
d:\caffeprogram\6ft\objectdetectgpu6-2\objectdetectgpu4-2\x64\release\cudnn_softmax_layer.cu.cache
d:\caffeprogram\6ft\objectdetectgpu6-2\objectdetectgpu4-2\x64\release\cudnn_tanh_layer.cu.cache
d:\caffeprogram\6ft\objectdetectgpu6-2\objectdetectgpu4-2\x64\release\deconv_layer.cu.cache
d:\caffeprogram\6ft\objectdetectgpu6-2\objectdetectgpu4-2\x64\release\dropout_layer.cu.cache
d:\caffeprogram\6ft\objectdetectgpu6-2\objectdetectgpu4-2\x64\release\eltwise_layer.cu.cache
d:\caffeprogram\6ft\objectdetectgpu6-2\objectdetectgpu4-2\x64\release\euclidean_loss_layer.cu.cache
d:\caffeprogram\6ft\objectdetectgpu6-2\objectdetectgpu4-2\x64\release\exp_layer.cu.cache
d:\caffeprogram\6ft\objectdetectgpu6-2\objectdetectgpu4-2\x64\release\filter_layer.cu.cache
d:\caffeprogram\6ft\objectdetectgpu6-2\objectdetectgpu4-2\x64\release\hdf5_data_layer.cu.cache
d:\caffeprogram\6ft\objectdetectgpu6-2\objectdetectgpu4-2\x64\release\hdf5_output_layer.cu.cache
d:\caffeprogram\6ft\objectdetectgpu6-2\objectdetectgpu4-2\x64\release\im2col.cu.cache
d:\caffeprogram\6ft\objectdetectgpu6-2\objectdetectgpu4-2\x64\release\im2col_layer.cu.cache
d:\caffeprogram\6ft\objectdetectgpu6-2\objectdetectgpu4-2\x64\release\inner_product_layer.cu.cache
d:\caffeprogram\6ft\objectdetectgpu6-2\objectdetectgpu4-2\x64\release\log_layer.cu.cache
d:\caffeprogram\6ft\objectdetectgpu6-2\objectdetectgpu4-2\x64\release\lrn_layer.cu.cache
d:\caffeprogram\6ft\objectdetectgpu6-2\objectdetectgpu4-2\x64\release\math_functions.cu.cache
d:\caffeprogram\6ft\objectdetectgpu6-2\objectdetectgpu4-2\x64\release\mvn_layer.cu.cache
d:\caffeprogram\6ft\objectdetectgpu6-2\objectdetectgpu4-2\x64\release\nms.cu.cache
d:\caffeprogram\6ft\objectdetectgpu6-2\objectdetectgpu4-2\x64\release\pooling_layer.cu.cache
d:\caffeprogram\6ft\objectdetectgpu6-2\objectdetectgpu4-2\x64\release\power_layer.cu.cache
d:\caffeprogram\6ft\objectdetectgpu6-2\objectdetectgpu4-2\x64\release\prelu_layer.cu.cache
d:\caffeprogram\6ft\objectdetectgpu6-2\objectdetectgpu4-2\x64\release\reduction_layer.cu.cache
d:\caffeprogram\6ft\objectdetectgpu6-2\objectdetectgpu4-2\x64\release\relu_layer.cu.cache
d:\caffeprogram\6ft\objectdetectgpu6-2\objectdetectgpu4-2\x64\release\roi_pooling_layer.cu.cache
d:\caffeprogram\6ft\objectdetectgpu6-2\objectdetectgpu4-2\x64\release\sigmoid_cross_entropy_loss_layer.cu.cache
d:\caffeprogram\6ft\objectdetectgpu6-2\objectdetectgpu4-2\x64\release\sigmoid_layer.cu.cache
d:\caffeprogram\6ft\objectdetectgpu6-2\objectdetectgpu4-2\x64\release\silence_layer.cu.cache
d:\caffeprogram\6ft\objectdetectgpu6-2\objectdetectgpu4-2\x64\release\slice_layer.cu.cache
d:\caffeprogram\6ft\objectdetectgpu6-2\objectdetectgpu4-2\x64\release\smooth_l1_loss_layer.cu.cache
d:\caffeprogram\6ft\objectdetectgpu6-2\objectdetectgpu4-2\x64\release\softmax_layer.cu.cache
d:\caffeprogram\6ft\objectdetectgpu6-2\objectdetectgpu4-2\x64\release\softmax_loss_layer.cu.cache
d:\caffeprogram\6ft\objectdetectgpu6-2\objectdetectgpu4-2\x64\release\split_layer.cu.cache
d:\caffeprogram\6ft\objectdetectgpu6-2\objectdetectgpu4-2\x64\release\tanh_layer.cu.cache
d:\caffeprogram\6ft\objectdetectgpu6-2\objectdetectgpu4-2\x64\release\threshold_layer.cu.cache
d:\caffeprogram\6ft\objectdetectgpu6-2\objectdetectgpu4-2\x64\release\absval_layer.cu.obj
d:\caffeprogram\6ft\objectdetectgpu6-2\objectdetectgpu4-2\x64\release\base_data_layer.cu.obj
d:\caffeprogram\6ft\objectdetectgpu6-2\objectdetectgpu4-2\x64\release\bnll_layer.cu.obj
d:\caffeprogram\6ft\objectdetectgpu6-2\objectdetectgpu4-2\x64\release\concat_layer.cu.obj
d:\caffeprogram\6ft\objectdetectgpu6-2\objectdetectgpu4-2\x64\release\contrastive_loss_layer.cu.obj
d:\caffeprogram\6ft\objectdetectgpu6-2\objectdetectgpu4-2\x64\release\conv_layer.cu.obj
d:\caffeprogram\6ft\objectdetectgpu6-2\objectdetectgpu4-2\x64\release\cudnn_conv_layer.cu.obj
d:\caffeprogram\6ft\objectdetectgpu6-2\objectdetectgpu4-2\x64\release\cudnn_pooling_layer.cu.obj
d:\caffeprogram\6ft\objectdetectgpu6-2\objectdetectgpu4-2\x64\release\cudnn_relu_layer.cu.obj
d:\caffeprogram\6ft\objectdetectgpu6-2\objectdetectgpu4-2\x64\release\cudnn_sigmoid_layer.cu.obj
d:\caffeprogram\6ft\objectdetectgpu6-2\objectdetectgpu4-2\x64\release\cudnn_softmax_layer.cu.obj
d:\caffeprogram\6ft\objectdetectgpu6-2\objectdetectgpu4-2\x64\release\cudnn_tanh_layer.cu.obj
d:\caffeprogram\6ft\objectdetectgpu6-2\objectdetectgpu4-2\x64\release\deconv_layer.cu.obj
d:\caffeprogram\6ft\objectdetectgpu6-2\objectdetectgpu4-2\x64\release\dropout_layer.cu.obj
d:\caffeprogram\6ft\objectdetectgpu6-2\objectdetectgpu4-2\x64\release\eltwise_layer.cu.obj
d:\caffeprogram\6ft\objectdetectgpu6-2\objectdetectgpu4-2\x64\release\euclidean_loss_layer.cu.obj
d:\caffeprogram\6ft\objectdetectgpu6-2\objectdetectgpu4-2\x64\release\exp_layer.cu.obj
d:\caffeprogram\6ft\objectdetectgpu6-2\objectdetectgpu4-2\x64\release\filter_layer.cu.obj
d:\caffeprogram\6ft\objectdetectgpu6-2\objectdetectgpu4-2\x64\release\hdf5_data_layer.cu.obj
d:\caffeprogram\6ft\objectdetectgpu6-2\objectdetectgpu4-2\x64\release\hdf5_output_layer.cu.obj
d:\caffeprogram\6ft\objectdetectgpu6-2\objectdetectgpu4-2\x64\release\im2col.cu.obj
d:\caffeprogram\6ft\objectdetectgpu6-2\objectdetectgpu4-2\x64\release\im2col_layer.cu.obj
d:\caffeprogram\6ft\objectdetectgpu6-2\objectdetectgpu4-2\x64\release\inner_product_layer.cu.obj
d:\caffeprogram\6ft\objectdetectgpu6-2\objectdetectgpu4-2\x64\release\log_layer.cu.obj
d:\caffeprogram\6ft\objectdetectgpu6-2\objectdetectgpu4-2\x64\release\lrn_layer.cu.obj
d:\caffeprogram\6ft\objectdetectgpu6-2\objectdetectgpu4-2\x64\release\math_functions.cu.obj
d:\caffeprogram\6ft\objectdetectgpu6-2\objectdetectgpu4-2\x64\release\mvn_layer.cu.obj
d:\caffeprogram\6ft\objectdetectgpu6-2\objectdetectgpu4-2\x64\release\nms.cu.obj
d:\caffeprogram\6ft\objectdetectgpu6-2\objectdetectgpu4-2\x64\release\pooling_layer.cu.obj
d:\caffeprogram\6ft\objectdetectgpu6-2\objectdetectgpu4-2\x64\release\power_layer.cu.obj
d:\caffeprogram\6ft\objectdetectgpu6-2\objectdetectgpu4-2\x64\release\prelu_layer.cu.obj
d:\caffeprogram\6ft\objectdetectgpu6-2\objectdetectgpu4-2\x64\release\reduction_layer.cu.obj
d:\caffeprogram\6ft\objectdetectgpu6-2\objectdetectgpu4-2\x64\release\relu_layer.cu.obj
d:\caffeprogram\6ft\objectdetectgpu6-2\objectdetectgpu4-2\x64\release\roi_pooling_layer.cu.obj
d:\caffeprogram\6ft\objectdetectgpu6-2\objectdetectgpu4-2\x64\release\sigmoid_cross_entropy_loss_layer.cu.obj
d:\caffeprogram\6ft\objectdetectgpu6-2\objectdetectgpu4-2\x64\release\sigmoid_layer.cu.obj
d:\caffeprogram\6ft\objectdetectgpu6-2\objectdetectgpu4-2\x64\release\silence_layer.cu.obj
d:\caffeprogram\6ft\objectdetectgpu6-2\objectdetectgpu4-2\x64\release\slice_layer.cu.obj
d:\caffeprogram\6ft\objectdetectgpu6-2\objectdetectgpu4-2\x64\release\smooth_l1_loss_layer.cu.obj
d:\caffeprogram\6ft\objectdetectgpu6-2\objectdetectgpu4-2\x64\release\softmax_layer.cu.obj
d:\caffeprogram\6ft\objectdetectgpu6-2\objectdetectgpu4-2\x64\release\softmax_loss_layer.cu.obj
d:\caffeprogram\6ft\objectdetectgpu6-2\objectdetectgpu4-2\x64\release\split_layer.cu.obj
d:\caffeprogram\6ft\objectdetectgpu6-2\objectdetectgpu4-2\x64\release\tanh_layer.cu.obj
d:\caffeprogram\6ft\objectdetectgpu6-2\objectdetectgpu4-2\x64\release\threshold_layer.cu.obj
d:\caffeprogram\6ft\objectdetectgpu6-2\objectdetectgpu4-2\x64\release\objectde.07c6628e.tlog\cl.command.1.tlog
d:\caffeprogram\6ft\objectdetectgpu6-2\objectdetectgpu4-2\x64\release\objectde.07c6628e.tlog\cl.read.1.tlog
d:\caffeprogram\6ft\objectdetectgpu6-2\objectdetectgpu4-2\x64\release\objectde.07c6628e.tlog\cl.write.1.tlog
d:\caffeprogram\6ft\objectdetectgpu6-2\objectdetectgpu4-2\x64\release\objectde.07c6628e.tlog\link.command.1.tlog
d:\caffeprogram\6ft\objectdetectgpu6-2\objectdetectgpu4-2\x64\release\objectde.07c6628e.tlog\link.read.1.tlog
d:\caffeprogram\6ft\objectdetectgpu6-2\objectdetectgpu4-2\x64\release\objectde.07c6628e.tlog\link.write.1.tlog
